<?xml version="1.0" encoding="UTF-8"?>
<testng-results skipped="0" failed="0" ignored="0" total="1" passed="1">
  <reporter-output>
  </reporter-output>
  <suite name="Suite" duration-ms="625" started-at="2020-01-24T10:37:03Z" finished-at="2020-01-24T10:37:04Z">
    <groups>
      <group name="cucumber">
        <method signature="RunnerClass.feature(cucumber.api.testng.CucumberFeatureWrapper)[pri:0, instance:Runner.RunnerClass@31ef45e3]" name="feature" class="Runner.RunnerClass"/>
      </group> <!-- cucumber -->
    </groups>
    <test name="Test" duration-ms="625" started-at="2020-01-24T10:37:03Z" finished-at="2020-01-24T10:37:04Z">
      <class name="Runner.RunnerClass">
        <test-method status="PASS" signature="setUpClass()[pri:0, instance:Runner.RunnerClass@31ef45e3]" name="setUpClass" is-config="true" duration-ms="340" started-at="2020-01-24T16:07:03Z" finished-at="2020-01-24T16:07:03Z">
          <reporter-output>
          </reporter-output>
        </test-method> <!-- setUpClass -->
        <test-method status="PASS" signature="feature(cucumber.api.testng.CucumberFeatureWrapper)[pri:0, instance:Runner.RunnerClass@31ef45e3]" name="feature" duration-ms="147" started-at="2020-01-24T16:07:04Z" description="Runs Cucumber Feature" data-provider="features" finished-at="2020-01-24T16:07:04Z">
          <params>
            <param index="0">
              <value>
                <![CDATA[Application launch]]>
              </value>
            </param>
          </params>
          <reporter-output>
          </reporter-output>
        </test-method> <!-- feature -->
        <test-method status="PASS" signature="tearDownClass()[pri:0, instance:Runner.RunnerClass@31ef45e3]" name="tearDownClass" is-config="true" duration-ms="29" started-at="2020-01-24T16:07:04Z" finished-at="2020-01-24T16:07:04Z">
          <reporter-output>
          </reporter-output>
        </test-method> <!-- tearDownClass -->
      </class> <!-- Runner.RunnerClass -->
    </test> <!-- Test -->
  </suite> <!-- Suite -->
</testng-results>
